 FLASH log file:  03-22-2024  09:40:54.273    Run number:  1
 ==============================================================================
 Number of MPI tasks:        74088
 MPI version:                3
 MPI subversion:             1
 Dimensionality:             3
 Max Number of Blocks/Proc:  1024
 Number x zones:             16
 Number y zones:             16
 Number z zones:             16
 Setup stamp:     Wed Mar 20 17:14:57 2024
 Build stamp:     Thu Mar 21 15:58:26 2024
 System info:     Linux login06 5.14.21-150400.24.46_12.0.83-cray_shasta_c #1 SMP Tue May 23 03:16
 Version:         Flash-X 1.0 (heads/main-0-g601af883-dirty)                                      
 Build directory: /ccs/proj/ast136/jaharris/Flash-X/Maclaurin
 Setup syntax:    /ccs/proj/ast136/jaharris/Flash-X/bin/setup.py unitTest/Gravity/Poisson3 -auto -3d +cartesian -nxb=16 -nyb=16 -nzb=16 -objdir=Maclaurin +newMpole -maxblocks=1024 Bittree=True ImprovedSort=True AltMorton=True -defines=HAVE_MPI_MODULE +parallelIO timeMultipole=True
 f compiler flags: ftn -DH5_USE_18_API -c -O2 -s real64 -s integer32 -eI -eZ -ef -f free -DHAVE_MPI_MODULE -DMAXBLOCKS=1024 -DNXB=16 -DNYB=16 -DNZB=16 -DN_DIM=3
 c compiler flags:    cc -DH5_USE_18_API -c -O2 -Wno-error=int-conversion -DHAVE_MPI_MODULE -DMAXBLOCKS=1024 -DNXB=16 -DNYB=16 -DNZB=16 -DN_DIM=3
 ==============================================================================
 Comment:  Maclaurin spheroid test
 ==============================================================================
 FLASH Units used:
   Driver/DriverMain/Unsplit
   Grid/GridBoundaryConditions
   Grid/GridMain/AMR/Bittree/c_source
   Grid/GridMain/AMR/Paramesh4/PM4_package/bittree
   Grid/GridMain/AMR/Paramesh4/PM4_package/flash_avoid_orrery
   Grid/GridMain/AMR/Paramesh4/PM4_package/headers
   Grid/GridMain/AMR/Paramesh4/PM4_package/source
   Grid/GridMain/AMR/Paramesh4/PM4_package/utilities/multigrid
   Grid/GridMain/AMR/Paramesh4/interpolation/prolong
   Grid/GridMain/AMR/Paramesh4/levelFlux
   Grid/GridSolvers/Multipole_new
   Grid/localAPI
   IO/IOMain/hdf5/parallel/PM
   IO/localAPI
   PhysicalConstants/PhysicalConstantsMain
   RuntimeParameters/RuntimeParametersMain
   Simulation/SimulationMain/unitTest/Gravity/Poisson3/timeMultipole
   TimeAdvance/TimeAdvanceMain/StrangSplit
   flashUtilities/contiguousConversion
   flashUtilities/general
   flashUtilities/interpolation/oneDim
   flashUtilities/nameValueLL
   flashUtilities/sorting/quicksort
   flashUtilities/system/memoryUsage/legacy
   flashUtilities/testing
   monitors/Logfile/LogfileMain
   monitors/Timers/TimersMain/MPINative
   physics/Eos/EosMain/Gamma
   physics/Gravity/GravityMain/Poisson/Multipole
   physics/Gravity/GravityMain/Poisson/unitTest
   physics/Hydro/HydroMain/unsplit/OnlyHydro
   physics/Hydro/HydroMain/unsplit/levelFlux
   physics/Hydro/localAPI
 ==============================================================================
 RuntimeParameters:
                                                                               
 ==============================================================================
bndpriorityone              =          1
bndprioritythree            =          3
bndprioritytwo              =          2
checkpointfileintervalstep  =        200 [CHANGED]
checkpointfilenumber        =          0
dr_abortpause               =          2
dr_dtminbelowaction         =          1
drift_break_inst            =          0
drift_trunc_mantissa        =          2
drift_verbose_inst          =          0
eos_entrelescalechoice      =          6
eos_loglevel                =        700
fileformatversion           =          9
forcedplotfilenumber        =          0
gr_lrefmaxtimevalue_1       =         -1
gr_lrefmaxtimevalue_10      =         -1
gr_lrefmaxtimevalue_11      =         -1
gr_lrefmaxtimevalue_12      =         -1
gr_lrefmaxtimevalue_13      =         -1
gr_lrefmaxtimevalue_14      =         -1
gr_lrefmaxtimevalue_15      =         -1
gr_lrefmaxtimevalue_16      =         -1
gr_lrefmaxtimevalue_17      =         -1
gr_lrefmaxtimevalue_18      =         -1
gr_lrefmaxtimevalue_19      =         -1
gr_lrefmaxtimevalue_2       =         -1
gr_lrefmaxtimevalue_20      =         -1
gr_lrefmaxtimevalue_3       =         -1
gr_lrefmaxtimevalue_4       =         -1
gr_lrefmaxtimevalue_5       =         -1
gr_lrefmaxtimevalue_6       =         -1
gr_lrefmaxtimevalue_7       =         -1
gr_lrefmaxtimevalue_8       =         -1
gr_lrefmaxtimevalue_9       =         -1
gr_pmrpdivergencefree       =         -1
gr_pmrpifaceoff             =          0
gr_pmrpl2p5d                =          0
gr_pmrpmaxblocks            =         -1
gr_pmrpmflags               =          1
gr_pmrpnboundaries          =          6
gr_pmrpndim                 =          3
gr_pmrpnedgevar1            =         -1
gr_pmrpnfacevar             =         -1
gr_pmrpnfielddivf           =         -1
gr_pmrpnfluxvar             =         -1
gr_pmrpnguard               =         -1
gr_pmrpnguardwork           =         -1
gr_pmrpnvar                 =         -1
gr_pmrpnvarwork             =          1
gr_pmrpnvarcorn             =          0
gr_pmrpnvaredge             =          0
gr_pmrpnxb                  =         -1
gr_pmrpnyb                  =         -1
gr_pmrpnzb                  =         -1
gr_restrictallmethod        =          3
gr_sanitizedatamode         =          1
gr_sanitizeverbosity        =          5
gr_tilesizex                =         16
gr_tilesizey                =         16
gr_tilesizez                =         16
hy_3torder                  =         -1
hydrocomputedtoption        =         -1
iprocs                      =          1
interpol_order              =          2
irenorm                     =          0
jprocs                      =          1
kprocs                      =          1
lrefine_del                 =          0
lrefine_max                 =          6 [CHANGED]
lrefine_min                 =          1
lrefine_min_init            =          1
max_particles_per_blk       =        100
memory_stat_freq            =     100000
meshcopycount               =          1
min_particles_per_blk       =          1
mpole_innerzonesize         =         16
mpole_lmax                  =         64 [CHANGED]
mpole_maxradialzones        =          1
nbegin                      =          1
nblockx                     =         45 [CHANGED]
nblocky                     =         45 [CHANGED]
nblockz                     =         45 [CHANGED]
nend                        =          0 [CHANGED]
nrefs                       =          2
nsteptotalsts               =          5
nsubzones                   =          2
num_poisson_solves          =          3 [CHANGED]
order                       =          2
outputsplitnum              =          1
plotfileintervalstep        =          0
plotfilenumber              =          0
refine_var_count            =          4
rolling_checkpoint          =      10000
sweeporder                  =        123
transorder                  =          1
wr_integrals_freq           =          1
limitedslopebeta            =                 0.100E+01
angular_velocity            =                 0.000E+00
cfl                         =                 0.800E+00
checkpointfileintervaltime  =                 0.100E+00 [CHANGED]
checkpointfileintervalz     =                 0.180+309
cvisc                       =                 0.100E+00
density                     =                 0.100E+01
derefine_cutoff_1           =                 0.200E+00
derefine_cutoff_2           =                 0.200E+00
derefine_cutoff_3           =                 0.200E+00
derefine_cutoff_4           =                 0.200E+00
dr_dtmincontinue            =                 0.000E+00
dr_tstepslowstartfactor     =                 0.100E+00
dtinit                      =                 0.100E-02 [CHANGED]
dtmax                       =                 0.100E+00 [CHANGED]
dtmin                       =                 0.100E-02 [CHANGED]
eccentricity                =                 0.900E+00 [CHANGED]
eintswitch                  =                 0.100E-03 [CHANGED]
eos_singlespeciesa          =                 0.100E+01
eos_singlespeciesz          =                 0.100E+01
equatorial_semimajor_axis   =                 0.250E+00 [CHANGED]
gamma                       =                 0.167E+01 [CHANGED]
gr_btworkchildscaling       =                 0.100E+01
gr_btworkdefaultleaf        =                 0.200E+01
gr_btworkdefaultpar         =                 0.100E+01
gr_btworklbleaf             =                 0.000E+00
gr_btworklbpar              =                 0.000E+00
gr_btworkubleaf             =                 0.100E+07
gr_btworkubpar              =                 0.100E+07
gr_lrefinemaxredlogbase     =                 0.100E+02
gr_lrefinemaxredradiusfact  =                 0.000E+00
gr_lrefinemaxredtref        =                 0.000E+00
gr_lrefinemaxredtimescale   =                 0.100E+01
gr_lrefmaxtime_1            =                -0.100E+01
gr_lrefmaxtime_10           =                -0.100E+01
gr_lrefmaxtime_11           =                -0.100E+01
gr_lrefmaxtime_12           =                -0.100E+01
gr_lrefmaxtime_13           =                -0.100E+01
gr_lrefmaxtime_14           =                -0.100E+01
gr_lrefmaxtime_15           =                -0.100E+01
gr_lrefmaxtime_16           =                -0.100E+01
gr_lrefmaxtime_17           =                -0.100E+01
gr_lrefmaxtime_18           =                -0.100E+01
gr_lrefmaxtime_19           =                -0.100E+01
gr_lrefmaxtime_2            =                -0.100E+01
gr_lrefmaxtime_20           =                -0.100E+01
gr_lrefmaxtime_3            =                -0.100E+01
gr_lrefmaxtime_4            =                -0.100E+01
gr_lrefmaxtime_5            =                -0.100E+01
gr_lrefmaxtime_6            =                -0.100E+01
gr_lrefmaxtime_7            =                -0.100E+01
gr_lrefmaxtime_8            =                -0.100E+01
gr_lrefmaxtime_9            =                -0.100E+01
hy_cflfallbackfactor        =                 0.900E+00
hy_fpresinmomflux           =                 0.100E+01
hybridorderkappa            =                 0.000E+00
mpole_innerzoneresolution   =                 0.100E+00
mpole_zoneexponent_1        =                 0.100E+01
mpole_zoneexponent_2        =                 0.100E+01
mpole_zoneexponent_3        =                 0.100E+01
mpole_zoneexponent_4        =                 0.100E+01
mpole_zoneradiusfraction_1  =                 0.100E+01
mpole_zoneradiusfraction_2  =                 0.100E+01
mpole_zoneradiusfraction_3  =                 0.100E+01
mpole_zoneradiusfraction_4  =                 0.100E+01
mpole_zonescalar_1          =                 0.150E+01 [CHANGED]
mpole_zonescalar_2          =                 0.100E+01
mpole_zonescalar_3          =                 0.100E+01
mpole_zonescalar_4          =                 0.100E+01
nusts                       =                 0.100E+00
pass_tolerance              =                 0.150E-01
plotfileintervaltime        =                 0.100E+01
plotfileintervalz           =                 0.180+309
point_mass                  =                 0.000E+00
point_mass_rsoft            =                 0.000E+00
radiusgp                    =                 0.200E+01
refine_cutoff_1             =                 0.800E+00
refine_cutoff_2             =                 0.800E+00
refine_cutoff_3             =                 0.800E+00
refine_cutoff_4             =                 0.800E+00
refine_filter_1             =                 0.100E-01
refine_filter_2             =                 0.100E-01
refine_filter_3             =                 0.100E-01
refine_filter_4             =                 0.100E-01
rss_limit                   =                -0.100E+01
sigmagp                     =                 0.300E+01
small                       =                 0.100E-09
smalle                      =                 0.100E-09
smallp                      =                 0.100E-09
smallt                      =                 0.100E-09
smallu                      =                 0.100E-09
smallx                      =                 0.100E-09
smlrho                      =                 0.100E-09
tinitial                    =                 0.000E+00
tiny                        =                 0.100E-15
tmax                        =                 0.000E+00 [CHANGED]
tstep_change_factor         =                 0.200E+01
wall_clock_checkpoint       =                 0.360E+04 [CHANGED]
wall_clock_time_limit       =                 0.605E+06
x_refine_center             =                 0.000E+00
xctr                        =                 0.500E+00
xmax                        =                 0.100E+01
xmin                        =                 0.000E+00
y_refine_center             =                 0.000E+00
yctr                        =                 0.500E+00
ymax                        =                 0.100E+01
ymin                        =                 0.000E+00
zfinal                      =                 0.000E+00
zinitial                    =                -0.100E+01
z_refine_center             =                 0.000E+00
zctr                        =                 0.500E+00
zmax                        =                 0.100E+01
zmin                        =                 0.000E+00
riemannsolver               = HLLC                          
unitsystem                  = none                          
basenm                      = maclaurin_                     [CHANGED]
entropyfixmethod            = HARTENHYMAN                   
eosmode                     = dens_ie                       
eosmodeinit                 = dens_ie                       
geometry                    = cartesian                     
gr_pmrpoutputdir            = ./                            
grav_boundary_type          = isolated                      
hy_eosmodegc                = see eosMode                   
log_file                    = maclaurin.log                  [CHANGED]
mpole_zonetype_1            = exponential                   
mpole_zonetype_2            = exponential                   
mpole_zonetype_3            = exponential                   
mpole_zonetype_4            = logarithmic                   
output_directory            = chk                            [CHANGED]
pc_unitsbase                = CGS                           
plot_grid_var_1             = none                          
plot_grid_var_10            = none                          
plot_grid_var_11            = none                          
plot_grid_var_12            = none                          
plot_grid_var_13            = none                          
plot_grid_var_14            = none                          
plot_grid_var_15            = none                          
plot_grid_var_16            = none                          
plot_grid_var_17            = none                          
plot_grid_var_18            = none                          
plot_grid_var_19            = none                          
plot_grid_var_2             = none                          
plot_grid_var_20            = none                          
plot_grid_var_21            = none                          
plot_grid_var_22            = none                          
plot_grid_var_23            = none                          
plot_grid_var_24            = none                          
plot_grid_var_25            = none                          
plot_grid_var_26            = none                          
plot_grid_var_27            = none                          
plot_grid_var_28            = none                          
plot_grid_var_29            = none                          
plot_grid_var_3             = none                          
plot_grid_var_30            = none                          
plot_grid_var_31            = none                          
plot_grid_var_32            = none                          
plot_grid_var_33            = none                          
plot_grid_var_34            = none                          
plot_grid_var_35            = none                          
plot_grid_var_36            = none                          
plot_grid_var_37            = none                          
plot_grid_var_38            = none                          
plot_grid_var_39            = none                          
plot_grid_var_4             = none                          
plot_grid_var_40            = none                          
plot_grid_var_41            = none                          
plot_grid_var_42            = none                          
plot_grid_var_43            = none                          
plot_grid_var_44            = none                          
plot_grid_var_45            = none                          
plot_grid_var_46            = none                          
plot_grid_var_47            = none                          
plot_grid_var_48            = none                          
plot_grid_var_49            = none                          
plot_grid_var_5             = none                          
plot_grid_var_50            = none                          
plot_grid_var_51            = none                          
plot_grid_var_52            = none                          
plot_grid_var_53            = none                          
plot_grid_var_54            = none                          
plot_grid_var_55            = none                          
plot_grid_var_56            = none                          
plot_grid_var_57            = none                          
plot_grid_var_58            = none                          
plot_grid_var_59            = none                          
plot_grid_var_6             = none                          
plot_grid_var_60            = none                          
plot_grid_var_61            = none                          
plot_grid_var_62            = none                          
plot_grid_var_63            = none                          
plot_grid_var_64            = none                          
plot_grid_var_65            = none                          
plot_grid_var_66            = none                          
plot_grid_var_67            = none                          
plot_grid_var_68            = none                          
plot_grid_var_69            = none                          
plot_grid_var_7             = none                          
plot_grid_var_70            = none                          
plot_grid_var_71            = none                          
plot_grid_var_72            = none                          
plot_grid_var_73            = none                          
plot_grid_var_74            = none                          
plot_grid_var_75            = none                          
plot_grid_var_76            = none                          
plot_grid_var_77            = none                          
plot_grid_var_78            = none                          
plot_grid_var_8             = none                          
plot_grid_var_9             = none                          
plot_var_1                  = dens                           [CHANGED]
plot_var_10                 = none                          
plot_var_11                 = none                          
plot_var_12                 = none                          
plot_var_13                 = none                          
plot_var_14                 = none                          
plot_var_15                 = none                          
plot_var_16                 = none                          
plot_var_17                 = none                          
plot_var_2                  = pres                           [CHANGED]
plot_var_3                  = temp                           [CHANGED]
plot_var_4                  = ener                           [CHANGED]
plot_var_5                  = eint                           [CHANGED]
plot_var_6                  = none                          
plot_var_7                  = none                          
plot_var_8                  = none                          
plot_var_9                  = none                          
prof_file                   = profile.dat                   
refine_var_1                = dens                           [CHANGED]
refine_var_2                = pres                           [CHANGED]
refine_var_3                = none                          
refine_var_4                = none                          
run_comment                 = Maclaurin spheroid test        [CHANGED]
run_number                  = 1                             
slopelimiter                = vanLeer                       
stats_file                  = flashx.dat                    
wenomethod                  = WENO5                         
xl_boundary_type            = outflow                        [CHANGED]
xr_boundary_type            = outflow                        [CHANGED]
yl_boundary_type            = outflow                        [CHANGED]
yr_boundary_type            = outflow                        [CHANGED]
zl_boundary_type            = outflow                        [CHANGED]
zr_boundary_type            = outflow                        [CHANGED]
csvsummaryallprocs          =  F
eosforriemann               =  F
logsummaryallprocs          =  F
addthermalflux              =  T
allowdtstsdominate          =  F
alwayscomputeuservars       =  T
alwaysrestrictcheckpoint    =  F [CHANGED]
charlimiting                =  T
chkguardcellsinput          =  F
chkguardcellsoutput         =  F
conserveangmom              =  F
converttoconsvdformeshcalls =  F
converttoconsvdinmeshinterp =  T
corners                     =  F
dr_printtsteploc            =  T
dr_shortenlaststepbeforetmax =  F
drift_tuples                =  F
eachprocwritesownabortlog   =  F
eachprocwritessummary       =  F
earlyblockdistadjustment    =  T
enablemaskedgcfill          =  F
entropy                     =  F
flux_correct                =  T
flux_correct_perlevel       =  F
geometryoverride            =  F
gr_bcenableapplymixedgds    =  T
gr_bndgcfillneedsprimitivevars =  T
gr_btcustomwork             =  F
gr_btdistributedsort        =  F
gr_btexchangebflags         =  F
gr_btexchangework           =  F
gr_btsortbywork             =  T
gr_enabletiling             =  F
gr_lrefinemaxbytime         =  F
gr_lrefinemaxreddobylogr    =  F
gr_lrefinemaxreddobytime    =  F
gr_pmrpadvancealllevels     =  F
gr_pmrpamrerrorchecking     =  F
gr_pmrpcartesianpm          =  F
gr_pmrpconserve             =  F
gr_pmrpconsvfluxdensities   =  T
gr_pmrpconsvfluxes          =  F
gr_pmrpcurvilinear          =  F
gr_pmrpcurvilinearconserve  =  F
gr_pmrpcylindricalpm        =  F
gr_pmrpdiagonals            =  T
gr_pmrpedgevalue            =  T
gr_pmrpedgevalueinteg       =  F
gr_pmrpemptycells           =  F
gr_pmrpforceconsistency     =  T
gr_pmrplsingularline        =  F
gr_pmrpnopermanentguardcells =  F
gr_pmrppolarpm              =  F
gr_pmrppredcorr             =  F
gr_pmrpsphericalpm          =  F
gr_pmrptimingmpi            =  F
gr_pmrptimingmpix           =  F
gr_pmrpvardt                =  F
gr_usetiling                =  F
grav_temporal_extrp         =  F
grav_unjunkpden             =  T
hy_fallbacklowercfl         =  F
hy_fullspecmsfluxhandling   =  T
hy_usetiling                =  F
ignoreforcedplot            =  F
io_writemscalarintegrals    =  F
mpole_2dsymmetryplane       =  F
mpole_3daxisymmetry         =  F
mpole_dumpmoments           =  F
mpole_ignoreinnerzone       =  F
mpole_multithreading        =  F
mpole_printradialinfo       =  T [CHANGED]
plotfilegridquantitydp      =  F
plotfilemetadatadp          =  F
reducegcellfills            =  F
refine_on_particle_count    =  F
restart                     =  F
shockdetect                 =  F
shocklowercfl               =  F
summaryoutputonly           =  T [CHANGED]
threadblocklistbuild        =  F
threaddelepblocklist        =  F
threaddelepwithinblock      =  F
threaddriverblocklist       =  F
threaddriverwithinblock     =  F
threadeoswithinblock        =  F
threadhydroblocklist        =  F
threadhydrowithinblock      =  F
threadraytracebuild         =  F
threadwithinblockbuild      =  F
tmr_suppressinparallel      =  F
typematchedxfer             =  T
unbiased_geometry           =  F
updategravity               =  T
updatehydrofluxes           =  T
useburn                     =  F
usecollectivehdf5           =  T
usedeleptonize              =  F
usegravity                  =  T
useheatad                   =  F
useheater                   =  F
usehydro                    =  T
useimbound                  =  F
useincompns                 =  F
useinlet                    =  F
uselegacylabels             =  T
usemultiphase               =  F
useoutlet                   =  F
useparticles                =  F
useradtrans                 =  F
usests                      =  F
usestsfordiffusion          =  F
usesolidmechanics           =  F
use_3dfullctu               =  T
use_auxeinteqn              =  T
use_avisc                   =  F
use_cma_advection           =  F
use_cma_flattening          =  F
use_flash_surr_blks_fill    =  T
use_flattening              =  F
use_gravhalfupdate          =  T
use_hybridorder             =  F
use_reduced_orrery          =  T
use_steepening              =  F
use_upwindtvd               =  F
writestatsummary            =  T
                                                                               
 ==============================================================================
                                                                               
 WARNING: Ignored Parameters :
 These parameters were found in the flash.par file, but they were
 not declared in any Config file for the simulation!
                                                                               
 xl_mg_boundary_type
 xr_mg_boundary_type
 yl_mg_boundary_type
 yr_mg_boundary_type
 zl_mg_boundary_type
 zr_mg_boundary_type
 gr_pfftDiffOpDiscretize
                                                                               
 ==============================================================================
                                                                               
 Known units of measurement:
                                                                               
              Unit                          CGS Value                Base Unit
  1                  cm                     1.0000                           cm
  2                   s                     1.0000                            s
  3                   g                     1.0000                            g
  4                   K                     1.0000                            K
  5                 esu                     1.0000                          esu
  6                 mol                     1.0000                          mol
  7                   m                     100.00                           cm
  8                  km                    1.00000E+05                       cm
  9                  pc                    3.08568E+18                       cm
 10                 kpc                    3.08568E+21                       cm
 11                 Mpc                    3.08568E+24                       cm
 12                 Gpc                    3.08568E+27                       cm
 13                Rsun                    6.96000E+10                       cm
 14                  AU                    1.49598E+13                       cm
 15                  yr                    3.15569E+07                        s
 16                 Myr                    3.15569E+13                        s
 17                 Gyr                    3.15569E+16                        s
 18                  kg                     1000.0                            g
 19                Msun                    1.98892E+33                        g
 20                 amu                    1.66054E-24                        g
 21                  eV                     11605.                            K
 22                   C                    2.99792E+09                      esu
 23                LFLY                    3.08568E+24                       cm
 24                TFLY                    2.05759E+17                        s
 25                MFLY                    9.88470E+45                        g
 26            clLength                    3.08568E+24                       cm
 27              clTime                    3.15569E+16                        s
 28              clMass                    1.98892E+48                        g
 29              clTemp                    1.16045E+07                        K
-----------End of Units--------------------
                                                                               
 Known physical constants:
                                                                               
    Constant Name       Constant Value   cm       s        g        K        esu      mol
  1              Newton    6.67408E-08   3.0     -2.0     -1.0      0.0      0.0      0.0    
  2      speed of light    2.99792E+10   1.0     -1.0      0.0      0.0      0.0      0.0    
  3              Planck    6.62607E-27   2.0     -1.0      1.0      0.0      0.0      0.0    
  4     electron charge    4.80320E-10   0.0      0.0      0.0      0.0      1.0      0.0    
  5       electron mass    9.10938E-28   0.0      0.0      1.0      0.0      0.0      0.0    
  6         proton mass    1.67262E-24   0.0      0.0      1.0      0.0      0.0      0.0    
  7      fine-structure    7.29735E-03   0.0      0.0      0.0      0.0      0.0      0.0    
  8            Avogadro    6.02214E+23   0.0      0.0      0.0      0.0      0.0     -1.0    
  9           Boltzmann    1.38065E-16   2.0     -2.0      1.0     -1.0      0.0      0.0    
 10  ideal gas constant    8.31446E+07   2.0     -2.0      1.0     -1.0      0.0     -1.0    
 11                Wien    0.28978       1.0      0.0      0.0      1.0      0.0      0.0    
 12    Stefan-Boltzmann    5.67037E-05   0.0     -3.0      1.0     -4.0      0.0      0.0    
 13  Radiation Constant    7.56572E-15  -1.0     -2.0      1.0     -4.0      0.0      0.0    
 14                  pi     3.1416       0.0      0.0      0.0      0.0      0.0      0.0    
 15                   e     2.7183       0.0      0.0      0.0      0.0      0.0      0.0    
 16               Euler    0.57722       0.0      0.0      0.0      0.0      0.0      0.0    
 ==============================================================================
                                                                               
 Multifluid database: not configured in
                                                                               
 ==============================================================================
 [ 03-22-2024  09:40:55.187 ] [gr_initGeometry] checking BCs for idir: 1
 [ 03-22-2024  09:40:55.188 ] [gr_initGeometry] checking BCs for idir: 2
 [ 03-22-2024  09:40:55.189 ] [gr_initGeometry] checking BCs for idir: 3
 [ 03-22-2024  09:40:55.753 ] [Simulation_init]: initializing for unitTest/Gravity/Poisson3 problem
 [ 03-22-2024  09:40:56.180 ] [GRID amr_refine_derefine]: redist. phase.  tot blks requested: 91125
 [GRID amr_refine_derefine] min blks 1    max blks 2    tot blks 91125
 [ 03-22-2024  09:42:11.578 ] [GRID gr_expandDomain]: iteration=1, create level=2
 INFO: Grid_fillGuardCells is ignoring masking.
 [ 03-22-2024  09:42:11.585 ] [mpi_amr_comm_setup]: buffer_dim_send=106857, buffer_dim_recv=106857
 [ 03-22-2024  09:42:11.594 ] [GRID amr_refine_derefine]: redist. phase.  tot blks requested: 107653
 [GRID amr_refine_derefine] min blks 1    max blks 2    tot blks 107653
 [ 03-22-2024  09:42:11.660 ] [GRID gr_expandDomain]: iteration=2, create level=3
 [ 03-22-2024  09:42:11.664 ] [mpi_amr_comm_setup]: buffer_dim_send=97493, buffer_dim_recv=67293
 [ 03-22-2024  09:42:11.686 ] [GRID amr_refine_derefine]: redist. phase.  tot blks requested: 180581
 [GRID amr_refine_derefine] min blks 2    max blks 3    tot blks 180581
 [ 03-22-2024  09:42:11.753 ] [GRID gr_expandDomain]: iteration=3, create level=4
 [ 03-22-2024  09:42:11.758 ] [mpi_amr_comm_setup]: buffer_dim_send=308005, buffer_dim_recv=106857
 [ 03-22-2024  09:42:11.789 ] [GRID amr_refine_derefine]: redist. phase.  tot blks requested: 487141
 [GRID amr_refine_derefine] min blks 6    max blks 8    tot blks 487141
 [ 03-22-2024  09:42:11.871 ] [GRID gr_expandDomain]: iteration=4, create level=5
 [ 03-22-2024  09:42:11.882 ] [mpi_amr_comm_setup]: buffer_dim_send=420993, buffer_dim_recv=361417
 [ 03-22-2024  09:42:11.933 ] [GRID amr_refine_derefine]: redist. phase.  tot blks requested: 1716453
 [GRID amr_refine_derefine] min blks 21    max blks 25    tot blks 1716453
 [ 03-22-2024  09:42:12.077 ] [GRID gr_expandDomain]: iteration=5, create level=6
 [ 03-22-2024  09:42:12.105 ] [mpi_amr_comm_setup]: buffer_dim_send=972117, buffer_dim_recv=748121
 [ 03-22-2024  09:42:12.222 ] [GRID amr_refine_derefine]: redist. phase.  tot blks requested: 6604069
 [GRID amr_refine_derefine] min blks 83    max blks 91    tot blks 6604069
 [ 03-22-2024  09:42:12.627 ] [GRID gr_expandDomain]: iteration=6, create level=6
 [ 03-22-2024  09:42:12.727 ] [mpi_amr_comm_setup]: buffer_dim_send=1738569, buffer_dim_recv=1650837
 [ 03-22-2024  09:42:13.058 ] [GRID amr_refine_derefine]: redist. phase.  tot blks requested: 6646117
 [GRID amr_refine_derefine] min blks 84    max blks 92    tot blks 6646117
 [ 03-22-2024  09:42:13.492 ] [GRID gr_expandDomain]: iteration=7, create level=6
 [ 03-22-2024  09:42:13.592 ] [mpi_amr_comm_setup]: buffer_dim_send=1734085, buffer_dim_recv=1650837
 [ 03-22-2024  09:42:13.912 ] [GRID gr_expandDomain]: iteration=8, create level=6
 [ 03-22-2024  09:42:14.009 ] memory: /proc vsize    (MB):     4232.88 (min)       4671.04 (max)       4496.39 (avg)
 [ 03-22-2024  09:42:14.010 ] memory: /proc rss      (MB):     2094.84 (min)       2209.07 (max)       2140.42 (avg)
 [ 03-22-2024  09:42:14.012 ] memory: /proc vsize    (MB):     4232.88 (min)       4671.04 (max)       4496.39 (avg)
 [ 03-22-2024  09:42:14.013 ] memory: /proc rss      (MB):     2094.84 (min)       2209.07 (max)       2140.42 (avg)
 [ 03-22-2024  09:42:14.020 ] memory: /proc vsize    (MB):     4232.88 (min)       4671.04 (max)       4496.39 (avg)
 [ 03-22-2024  09:42:14.021 ] memory: /proc rss      (MB):     2094.84 (min)       2209.07 (max)       2140.43 (avg)
 [ 03-22-2024  09:42:14.028 ] memory: /proc vsize    (MB):     4232.88 (min)       4671.04 (max)       4496.39 (avg)
 [ 03-22-2024  09:42:14.029 ] memory: /proc rss      (MB):     2094.84 (min)       2209.33 (max)       2140.47 (avg)
 [ 03-22-2024  09:42:14.030 ] [Driver_evolveAll]: Entering evolution routine
 [ 03-22-2024  09:45:57.471 ] [Driver_evolveAll]: Exiting evolution routine
 ==============================================================================
 perf_summary: code performance summary for process  0
                      beginning : 03-22-2024  09:40:54
                         ending : 03-22-2024  09:45:57
   seconds in monitoring period :              303.198
      number of evolution steps :                    1
 ------------------------------------------------------------------------------
 accounting unit                       time sec  num calls   secs avg  time pct
 ------------------------------------------------------------------------------
 initialization                         79.757      1          79.757    26.305
  eos                                    0.039      8           0.005     0.013
  guardcell internal                     0.612      7           0.087     0.202
   amr_guardcell                         0.553      7           0.079     0.183
   eos gc                                0.027      7           0.004     0.009
 evolution                             223.439      1         223.439    73.694
  testing                               71.656      1          71.656    23.633
   gravity Barrier                       0.000      1           0.000     0.000
   gravity                              71.650      1          71.650    23.631
    Multipole Solver                    71.641      3          23.880    23.628
     gr_mpoleMoments                     6.327      3           2.109     2.087
     gr_mpoleCollectMoments             25.579      3           8.526     8.437
      Multipole load imbalan             0.000      3           0.000     0.000
      gr_mpoleMoment_AllRedu            23.477      3           7.826     7.743
     gr_mpolePotentials                 39.608      3          13.203    13.063
    Multipole load imbalance             0.000      3           0.000     0.000
  writing                              140.452      1         140.452    46.323
 ==============================================================================
 ==============================================================================
 perf_summary: code performance summary statistics
                      beginning : 03-22-2024  09:40:54
                         ending : 03-22-2024  09:45:57
   seconds in monitoring period :              303.198
      number of evolution steps :                    1
 ------------------------------------------------------------------------------
 accounting unit                  max/proc (s)  min/proc (s) avg/proc (s)   num calls
 ------------------------------------------------------------------------------
 initialization                         79.757        79.757       79.757           1
  eos                                    0.039         0.039        0.039           8
  guardcell internal                     0.612         0.612        0.612           7
   amr_guardcell                         0.553         0.553        0.553           7
   eos gc                                0.027         0.027        0.027           7
 evolution                             223.439       223.439      223.439           1
  testing                               71.657        71.656       71.656           1
   gravity Barrier                       0.000         0.000        0.000           1
   gravity                              71.651        71.650       71.650           1
    Multipole Solver                    71.641        71.641       71.641           3
     gr_mpoleMoments                     6.327         6.327        6.327           3
     gr_mpoleCollectMoments             25.580        25.579       25.579           3
      Multipole load imbalan             0.000         0.000        0.000           3
      gr_mpoleMoment_AllRedu            23.477        23.477       23.477           3
     gr_mpolePotentials                 39.608        39.608       39.608           3
    Multipole load imbalance             0.000         0.000        0.000           3
  writing                              140.452       140.451      140.452           1
 ==============================================================================
 [ 03-22-2024  09:45:58.267 ] LOGFILE_END: FLASH run complete.
